<?xml version="1.0" encoding="UTF-8"?>
<testng-results ignored="0" total="6" passed="6" failed="0" skipped="0">
  <reporter-output>
  </reporter-output>
  <suite started-at="2025-12-01T21:14:42 IST" name="UI Automation Suite" finished-at="2025-12-01T21:15:55 IST" duration-ms="73336">
    <groups>
    </groups>
    <test started-at="2025-12-01T21:14:42 IST" name="LoginTests" finished-at="2025-12-01T21:15:55 IST" duration-ms="73336">
      <class name="com.example.automation.tests.OrderTest">
        <test-method is-config="true" signature="setUp()[pri:0, instance:com.example.automation.tests.OrderTest@1d2adfbe]" started-at="2025-12-01T21:15:49 IST" name="setUp" finished-at="2025-12-01T21:15:53 IST" duration-ms="4795" status="PASS">
          <reporter-output>
          </reporter-output>
        </test-method> <!-- setUp -->
        <test-method signature="testOrderBookingFlow()[pri:0, instance:com.example.automation.tests.OrderTest@1d2adfbe]" started-at="2025-12-01T21:15:53 IST" name="testOrderBookingFlow" finished-at="2025-12-01T21:15:55 IST" duration-ms="1425" status="PASS">
          <reporter-output>
          </reporter-output>
        </test-method> <!-- testOrderBookingFlow -->
        <test-method is-config="true" signature="tearDown()[pri:0, instance:com.example.automation.tests.OrderTest@1d2adfbe]" started-at="2025-12-01T21:15:55 IST" name="tearDown" finished-at="2025-12-01T21:15:55 IST" duration-ms="257" status="PASS">
          <reporter-output>
          </reporter-output>
        </test-method> <!-- tearDown -->
      </class> <!-- com.example.automation.tests.OrderTest -->
      <class name="com.example.automation.tests.LoginTest">
        <test-method is-config="true" signature="setUp()[pri:0, instance:com.example.automation.tests.LoginTest@5e0826e7]" started-at="2025-12-01T21:14:42 IST" name="setUp" finished-at="2025-12-01T21:14:44 IST" duration-ms="1962" status="PASS">
          <reporter-output>
          </reporter-output>
        </test-method> <!-- setUp -->
        <test-method signature="loginTest(java.lang.String,java.lang.String,java.lang.String)[pri:0, instance:com.example.automation.tests.LoginTest@5e0826e7]" started-at="2025-12-01T21:14:44 IST" name="loginTest" data-provider="loginData" finished-at="2025-12-01T21:14:54 IST" duration-ms="10611" status="PASS">
          <params>
            <param index="0">
              <value>
                <![CDATA[standard_user]]>
              </value>
            </param>
            <param index="1">
              <value>
                <![CDATA[secret_sauce]]>
              </value>
            </param>
            <param index="2">
              <value>
                <![CDATA[success]]>
              </value>
            </param>
          </params>
          <reporter-output>
          </reporter-output>
        </test-method> <!-- loginTest -->
        <test-method is-config="true" signature="tearDown()[pri:0, instance:com.example.automation.tests.LoginTest@5e0826e7]" started-at="2025-12-01T21:14:54 IST" name="tearDown" finished-at="2025-12-01T21:14:55 IST" duration-ms="269" status="PASS">
          <reporter-output>
          </reporter-output>
        </test-method> <!-- tearDown -->
        <test-method is-config="true" signature="setUp()[pri:0, instance:com.example.automation.tests.LoginTest@5e0826e7]" started-at="2025-12-01T21:14:55 IST" name="setUp" finished-at="2025-12-01T21:14:56 IST" duration-ms="1363" status="PASS">
          <reporter-output>
          </reporter-output>
        </test-method> <!-- setUp -->
        <test-method signature="loginTest(java.lang.String,java.lang.String,java.lang.String)[pri:0, instance:com.example.automation.tests.LoginTest@5e0826e7]" started-at="2025-12-01T21:14:56 IST" name="loginTest" data-provider="loginData" finished-at="2025-12-01T21:15:07 IST" duration-ms="10566" status="PASS">
          <params>
            <param index="0">
              <value>
                <![CDATA[locked_out_user]]>
              </value>
            </param>
            <param index="1">
              <value>
                <![CDATA[secret_sauce]]>
              </value>
            </param>
            <param index="2">
              <value>
                <![CDATA[error]]>
              </value>
            </param>
          </params>
          <reporter-output>
          </reporter-output>
        </test-method> <!-- loginTest -->
        <test-method is-config="true" signature="tearDown()[pri:0, instance:com.example.automation.tests.LoginTest@5e0826e7]" started-at="2025-12-01T21:15:07 IST" name="tearDown" finished-at="2025-12-01T21:15:07 IST" duration-ms="271" status="PASS">
          <reporter-output>
          </reporter-output>
        </test-method> <!-- tearDown -->
        <test-method is-config="true" signature="setUp()[pri:0, instance:com.example.automation.tests.LoginTest@5e0826e7]" started-at="2025-12-01T21:15:07 IST" name="setUp" finished-at="2025-12-01T21:15:08 IST" duration-ms="1360" status="PASS">
          <reporter-output>
          </reporter-output>
        </test-method> <!-- setUp -->
        <test-method signature="loginTest(java.lang.String,java.lang.String,java.lang.String)[pri:0, instance:com.example.automation.tests.LoginTest@5e0826e7]" started-at="2025-12-01T21:15:08 IST" name="loginTest" data-provider="loginData" finished-at="2025-12-01T21:15:19 IST" duration-ms="10616" status="PASS">
          <params>
            <param index="0">
              <value>
                <![CDATA[invalid_user]]>
              </value>
            </param>
            <param index="1">
              <value>
                <![CDATA[invalid_pass]]>
              </value>
            </param>
            <param index="2">
              <value>
                <![CDATA[error]]>
              </value>
            </param>
          </params>
          <reporter-output>
          </reporter-output>
        </test-method> <!-- loginTest -->
        <test-method is-config="true" signature="tearDown()[pri:0, instance:com.example.automation.tests.LoginTest@5e0826e7]" started-at="2025-12-01T21:15:19 IST" name="tearDown" finished-at="2025-12-01T21:15:19 IST" duration-ms="286" status="PASS">
          <reporter-output>
          </reporter-output>
        </test-method> <!-- tearDown -->
        <test-method is-config="true" signature="setUp()[pri:0, instance:com.example.automation.tests.LoginTest@5e0826e7]" started-at="2025-12-01T21:15:19 IST" name="setUp" finished-at="2025-12-01T21:15:21 IST" duration-ms="1388" status="PASS">
          <reporter-output>
          </reporter-output>
        </test-method> <!-- setUp -->
        <test-method signature="loginTest(java.lang.String,java.lang.String,java.lang.String)[pri:0, instance:com.example.automation.tests.LoginTest@5e0826e7]" started-at="2025-12-01T21:15:21 IST" name="loginTest" data-provider="loginData" finished-at="2025-12-01T21:15:31 IST" duration-ms="10628" status="PASS">
          <params>
            <param index="0">
              <value>
                <![CDATA[problem_user]]>
              </value>
            </param>
            <param index="1">
              <value>
                <![CDATA[secret_sauce]]>
              </value>
            </param>
            <param index="2">
              <value>
                <![CDATA[success]]>
              </value>
            </param>
          </params>
          <reporter-output>
          </reporter-output>
        </test-method> <!-- loginTest -->
        <test-method is-config="true" signature="tearDown()[pri:0, instance:com.example.automation.tests.LoginTest@5e0826e7]" started-at="2025-12-01T21:15:31 IST" name="tearDown" finished-at="2025-12-01T21:15:31 IST" duration-ms="287" status="PASS">
          <reporter-output>
          </reporter-output>
        </test-method> <!-- tearDown -->
        <test-method is-config="true" signature="setUp()[pri:0, instance:com.example.automation.tests.LoginTest@5e0826e7]" started-at="2025-12-01T21:15:31 IST" name="setUp" finished-at="2025-12-01T21:15:33 IST" duration-ms="1350" status="PASS">
          <reporter-output>
          </reporter-output>
        </test-method> <!-- setUp -->
        <test-method signature="loginTest(java.lang.String,java.lang.String,java.lang.String)[pri:0, instance:com.example.automation.tests.LoginTest@5e0826e7]" started-at="2025-12-01T21:15:33 IST" name="loginTest" data-provider="loginData" finished-at="2025-12-01T21:15:48 IST" duration-ms="15606" status="PASS">
          <params>
            <param index="0">
              <value>
                <![CDATA[performance_glitch_user]]>
              </value>
            </param>
            <param index="1">
              <value>
                <![CDATA[secret_sauce]]>
              </value>
            </param>
            <param index="2">
              <value>
                <![CDATA[success]]>
              </value>
            </param>
          </params>
          <reporter-output>
          </reporter-output>
        </test-method> <!-- loginTest -->
        <test-method is-config="true" signature="tearDown()[pri:0, instance:com.example.automation.tests.LoginTest@5e0826e7]" started-at="2025-12-01T21:15:48 IST" name="tearDown" finished-at="2025-12-01T21:15:49 IST" duration-ms="242" status="PASS">
          <reporter-output>
          </reporter-output>
        </test-method> <!-- tearDown -->
      </class> <!-- com.example.automation.tests.LoginTest -->
    </test> <!-- LoginTests -->
  </suite> <!-- UI Automation Suite -->
</testng-results>
