<?xml version="1.0" encoding="UTF-8"?>
<!-- Generated by org.testng.reporters.JUnitReportReporter -->
<testsuite hostname="Akshaya" failures="0" tests="5" name="com.example.automation.tests.LoginTest" time="66.805" errors="0" timestamp="2025-12-01T21:15:55 IST" skipped="0">
  <testcase classname="com.example.automation.tests.LoginTest" name="loginTest" time="12.860"/>
  <testcase classname="com.example.automation.tests.LoginTest" name="loginTest" time="17.240"/>
  <testcase classname="com.example.automation.tests.LoginTest" name="loginTest" time="12.168"/>
  <testcase classname="com.example.automation.tests.LoginTest" name="loginTest" time="12.247"/>
  <testcase classname="com.example.automation.tests.LoginTest" name="loginTest" time="12.290"/>
</testsuite> <!-- com.example.automation.tests.LoginTest -->
