<?xml version="1.0" encoding="UTF-8"?>
<!-- Generated by org.testng.reporters.JUnitXMLReporter -->
<testsuite ignored="0" hostname="Akshaya" failures="0" tests="6" name="LoginTests" time="73.336" errors="0" timestamp="2025-12-01T21:15:55 IST">
  <testcase classname="com.example.automation.tests.LoginTest" name="loginTest" time="10.611"/>
  <testcase classname="com.example.automation.tests.LoginTest" name="loginTest" time="10.566"/>
  <testcase classname="com.example.automation.tests.LoginTest" name="loginTest" time="10.616"/>
  <testcase classname="com.example.automation.tests.LoginTest" name="loginTest" time="10.628"/>
  <testcase classname="com.example.automation.tests.LoginTest" name="loginTest" time="15.606"/>
  <testcase classname="com.example.automation.tests.OrderTest" name="testOrderBookingFlow" time="1.425"/>
</testsuite> <!-- LoginTests -->
